-------------------------------------------------------------------------------
Test set: com.digitalhouse.msgateway.MsGatewayApplicationTests
-------------------------------------------------------------------------------
Tests run: 1, Failures: 0, Errors: 1, Skipped: 0, Time elapsed: 1.161 s <<< FAILURE! - in com.digitalhouse.msgateway.MsGatewayApplicationTests
com.digitalhouse.msgateway.MsGatewayApplicationTests  Time elapsed: 1.158 s  <<< ERROR!
java.lang.IllegalStateException: Unable to find a @SpringBootConfiguration, you need to use @ContextConfiguration or @SpringBootTest(classes=...) with your test

